<?xml version="1.0" encoding="UTF-8"?>
<coverage generated="1766662427765" clover="3.2.0">
  <project timestamp="1766662427765" name="All files">
    <metrics statements="12" coveredstatements="12" conditionals="10" coveredconditionals="10" methods="1" coveredmethods="1" elements="23" coveredelements="23" complexity="0" loc="12" ncloc="12" packages="1" files="2" classes="2"/>
    <file name="applyEvent.js" path="C:\Users\jose_\Desktop\Proyectos\bar\src\domain\table\applyEvent.js">
      <metrics statements="11" coveredstatements="11" conditionals="10" coveredconditionals="10" methods="1" coveredmethods="1"/>
      <line num="3" count="7" type="cond" truecount="4" falsecount="0"/>
      <line num="5" count="2" type="cond" truecount="2" falsecount="0"/>
      <line num="6" count="1" type="stmt"/>
      <line num="7" count="1" type="stmt"/>
      <line num="12" count="2" type="cond" truecount="2" falsecount="0"/>
      <line num="13" count="1" type="stmt"/>
      <line num="14" count="1" type="stmt"/>
      <line num="19" count="2" type="cond" truecount="2" falsecount="0"/>
      <line num="20" count="1" type="stmt"/>
      <line num="22" count="1" type="stmt"/>
      <line num="27" count="1" type="stmt"/>
    </file>
    <file name="tableStatus.js" path="C:\Users\jose_\Desktop\Proyectos\bar\src\domain\table\tableStatus.js">
      <metrics statements="1" coveredstatements="1" conditionals="0" coveredconditionals="0" methods="0" coveredmethods="0"/>
      <line num="1" count="1" type="stmt"/>
    </file>
  </project>
</coverage>
