{"C:\\Users\\jose_\\Desktop\\Proyectos\\bar\\src\\domain\\table\\applyEvent.js": {"path":"C:\\Users\\jose_\\Desktop\\Proyectos\\bar\\src\\domain\\table\\applyEvent.js","statementMap":{"0":{"start":{"line":3,"column":4},"end":{"line":28,"column":5}},"1":{"start":{"line":5,"column":12},"end":{"line":6,"column":53}},"2":{"start":{"line":6,"column":16},"end":{"line":6,"column":53}},"3":{"start":{"line":7,"column":12},"end":{"line":10,"column":13}},"4":{"start":{"line":12,"column":12},"end":{"line":13,"column":53}},"5":{"start":{"line":13,"column":16},"end":{"line":13,"column":53}},"6":{"start":{"line":14,"column":12},"end":{"line":17,"column":13}},"7":{"start":{"line":19,"column":12},"end":{"line":21,"column":13}},"8":{"start":{"line":20,"column":16},"end":{"line":20,"column":76}},"9":{"start":{"line":22,"column":12},"end":{"line":25,"column":13}},"10":{"start":{"line":27,"column":12},"end":{"line":27,"column":64}}},"fnMap":{"0":{"name":"applyEvent","decl":{"start":{"line":2,"column":16},"end":{"line":2,"column":26}},"loc":{"start":{"line":2,"column":42},"end":{"line":29,"column":1}},"line":2}},"branchMap":{"0":{"loc":{"start":{"line":3,"column":4},"end":{"line":28,"column":5}},"type":"switch","locations":[{"start":{"line":4,"column":8},"end":{"line":10,"column":13}},{"start":{"line":11,"column":8},"end":{"line":17,"column":13}},{"start":{"line":18,"column":8},"end":{"line":25,"column":13}},{"start":{"line":26,"column":8},"end":{"line":27,"column":64}}],"line":3},"1":{"loc":{"start":{"line":5,"column":12},"end":{"line":6,"column":53}},"type":"if","locations":[{"start":{"line":5,"column":12},"end":{"line":6,"column":53}},{"start":{},"end":{}}],"line":5},"2":{"loc":{"start":{"line":12,"column":12},"end":{"line":13,"column":53}},"type":"if","locations":[{"start":{"line":12,"column":12},"end":{"line":13,"column":53}},{"start":{},"end":{}}],"line":12},"3":{"loc":{"start":{"line":19,"column":12},"end":{"line":21,"column":13}},"type":"if","locations":[{"start":{"line":19,"column":12},"end":{"line":21,"column":13}},{"start":{},"end":{}}],"line":19}},"s":{"0":7,"1":2,"2":1,"3":1,"4":2,"5":1,"6":1,"7":2,"8":1,"9":1,"10":1},"f":{"0":7},"b":{"0":[2,2,2,1],"1":[1,1],"2":[1,1],"3":[1,1]},"_coverageSchema":"1a1c01bbd47fc00a2c39e90264f33305004495a9","hash":"f1c9cad57e95b90159d02fddcddf9232385f7fa4"}
,"C:\\Users\\jose_\\Desktop\\Proyectos\\bar\\src\\domain\\table\\tableStatus.js": {"path":"C:\\Users\\jose_\\Desktop\\Proyectos\\bar\\src\\domain\\table\\tableStatus.js","statementMap":{"0":{"start":{"line":1,"column":27},"end":{"line":5,"column":1}}},"fnMap":{},"branchMap":{},"s":{"0":1},"f":{},"b":{},"_coverageSchema":"1a1c01bbd47fc00a2c39e90264f33305004495a9","hash":"cb90810b24086e8af6ded4fd5cbf3eb2e05d23f8"}
}
